<?xml version="1.0" encoding="UTF-8"?>
<testsuite xmlns:xsi="http://www.w3.org/2001/XMLSchema-instance" xsi:noNamespaceSchemaLocation="https://maven.apache.org/surefire/maven-surefire-plugin/xsd/surefire-test-report.xsd" version="3.0.2" name="TestRunner.LoginTest" time="40.083" tests="2" errors="0" skipped="0" failures="0">
  <properties>
[...]
</properties>
  <testcase name="Verify Login functionality" classname="Verify that user is able to login into application" time="20.183">
    <system-out><![CDATA[
Scenario: Verify Login functionality            &amp#27;[90m# Features/Login.feature:3&amp#27;[0m
18:24:03.966 [Thread-main] INFO  [DriverFactory.DriverFactory].initialized - Started reading config file 
18:24:03.966 [Thread-main] INFO  [DriverFactory.DriverFactory].initialized - properties object loaded and reading data from config properties 
18:24:03.967 [Thread-main] INFO  [DriverFactory.DriverFactory].initialized - Started Chrome Driver
18:24:04.047 [Thread-main] INFO  [DriverFactory.DriverFactory].initialized - set up tl driver to Chromedriver
18:24:06.046 [Thread-main] INFO  [AppHooks.Hooks].setup - launches url https://ui.cogmento.com/?lang=en
18:24:08.623 [Thread-main] INFO  [Utilities.ActionUtilities].compareValues - Expected value Free CRM Actual Value Free CRM are match 
  &amp#27;[32mGiven &amp#27;[0m&amp#27;[32mVerify Login Page Title with &amp#27;[0m&amp#27;[32m&amp#27;[1m"Free CRM"&amp#27;[0m &amp#27;[90m# StepDefinition.LoginSteps.verify_login_page_title_with(java.lang.String)&amp#27;[0m
18:24:08.623 [Thread-main] INFO  [Utilities.ActionUtilities].sendValues - text box started editing
18:24:08.711 [Thread-main] INFO  [Utilities.ActionUtilities].sendValues - text box filling details
18:24:08.905 [Thread-main] INFO  [Utilities.ActionUtilities].sendValues - text box started editing
18:24:08.955 [Thread-main] INFO  [Utilities.ActionUtilities].sendValues - text box filling details
  &amp#27;[32mWhen &amp#27;[0m&amp#27;[32mUser Login into Application&amp#27;[0m              &amp#27;[90m# StepDefinition.LoginSteps.User_Login_into_Application()&amp#27;[0m
18:24:09.179 [Thread-main] INFO  [Utilities.ActionUtilities].compareValues - Expected value Free CRM Actual Value Free CRM are match 
  &amp#27;[32mThen &amp#27;[0m&amp#27;[32mHome Page Open&amp#27;[0m                           &amp#27;[90m# StepDefinition.LoginSteps.home_page_open()&amp#27;[0m
18:24:19.189 [Thread-main] INFO  [Utilities.ActionUtilities].clickButton - waiting for button get visible Setting
18:24:19.190 [Thread-main] INFO  [Utilities.ActionUtilities].poolingWaitForElement - Started polling time
18:24:19.235 [Thread-main] INFO  [Utilities.ActionUtilities].poolingWaitForElement - Element is found and try to click
18:24:19.235 [Thread-main] INFO  [Utilities.ActionUtilities].clickButton - Trying to click Setting
18:24:19.395 [Thread-main] INFO  [Utilities.ActionUtilities].clickButton - Element is clicked succcessfully 
18:24:19.395 [Thread-main] INFO  [Utilities.ActionUtilities].clickButton - waiting for button get visible Logout
18:24:19.396 [Thread-main] INFO  [Utilities.ActionUtilities].poolingWaitForElement - Started polling time
18:24:19.446 [Thread-main] INFO  [Utilities.ActionUtilities].poolingWaitForElement - Element is found and try to click
18:24:19.446 [Thread-main] INFO  [Utilities.ActionUtilities].clickButton - Trying to click Logout
18:24:19.683 [Thread-main] INFO  [Utilities.ActionUtilities].clickButton - Element is clicked succcessfully 
18:24:19.683 [Thread-main] INFO  [Utilities.ActionUtilities].sendValues - text box started editing
18:24:22.289 [Thread-main] INFO  [Utilities.ActionUtilities].sendValues - text box filling details
18:24:22.439 [Thread-main] INFO  [Utilities.ActionUtilities].sendValues - text box started editing
18:24:22.488 [Thread-main] INFO  [Utilities.ActionUtilities].sendValues - text box filling details
18:24:22.694 [Thread-main] INFO  [Utilities.ActionUtilities].clickButton - waiting for button get visible Setting
18:24:22.695 [Thread-main] INFO  [Utilities.ActionUtilities].poolingWaitForElement - Started polling time
18:24:23.480 [Thread-main] INFO  [Utilities.ActionUtilities].poolingWaitForElement - Element is found and try to click
18:24:23.480 [Thread-main] INFO  [Utilities.ActionUtilities].clickButton - Trying to click Setting
18:24:23.639 [Thread-main] INFO  [Utilities.ActionUtilities].clickButton - Element is clicked succcessfully 
18:24:23.640 [Thread-main] INFO  [Pages.LoginPage].logout - clicked on Setting button 
18:24:23.640 [Thread-main] INFO  [Utilities.ActionUtilities].clickButton - waiting for button get visible Logout
18:24:23.640 [Thread-main] INFO  [Utilities.ActionUtilities].poolingWaitForElement - Started polling time
18:24:23.682 [Thread-main] INFO  [Utilities.ActionUtilities].poolingWaitForElement - Element is found and try to click
18:24:23.683 [Thread-main] INFO  [Utilities.ActionUtilities].clickButton - Trying to click Logout
18:24:23.852 [Thread-main] INFO  [Utilities.ActionUtilities].clickButton - Element is clicked succcessfully 
18:24:23.853 [Thread-main] INFO  [Pages.LoginPage].logout - successfullt clicked on Logout button
  &amp#27;[32mThen &amp#27;[0m&amp#27;[32mLogout from Application&amp#27;[0m                  &amp#27;[90m# StepDefinition.LoginSteps.logout_from_application()&amp#27;[0m
]]></system-out>
    <system-err><![CDATA[Jan 26, 2026 6:24:05 PM org.openqa.selenium.devtools.CdpVersionFinder findNearestMatch
WARNING: Unable to find CDP implementation matching 143
Jan 26, 2026 6:24:05 PM org.openqa.selenium.chromium.ChromiumDriver lambda$new$5
WARNING: Unable to find version of CDP to use for 143.0.7499.194. You may need to include a dependency on a specific version of the CDP using something similar to `org.seleniumhq.selenium:selenium-devtools-v86:4.26.0` where the version ("v86") matches the version of the chromium-based browser you're using and the version number of the artifact is the same as Selenium's.
]]></system-err>
  </testcase>
  <testcase name="User is able to Create new task" classname="Verify that User is able to search and create new Task" time="19.895">
    <system-out><![CDATA[
Scenario: User is able to Create new task           &amp#27;[90m# Features/Task.feature:3&amp#27;[0m
18:24:24.210 [Thread-main] INFO  [DriverFactory.DriverFactory].initialized - Started reading config file 
18:24:24.211 [Thread-main] INFO  [DriverFactory.DriverFactory].initialized - properties object loaded and reading data from config properties 
18:24:24.211 [Thread-main] INFO  [DriverFactory.DriverFactory].initialized - Started Chrome Driver
18:24:24.261 [Thread-main] INFO  [DriverFactory.DriverFactory].initialized - set up tl driver to Chromedriver
18:24:29.620 [Thread-main] INFO  [AppHooks.Hooks].setup - launches url https://ui.cogmento.com/?lang=en
18:24:29.621 [Thread-main] INFO  [Utilities.ActionUtilities].sendValues - text box started editing
18:24:29.688 [Thread-main] INFO  [Utilities.ActionUtilities].sendValues - text box filling details
18:24:29.846 [Thread-main] INFO  [Utilities.ActionUtilities].sendValues - text box started editing
18:24:29.908 [Thread-main] INFO  [Utilities.ActionUtilities].sendValues - text box filling details
  &amp#27;[32mGiven &amp#27;[0m&amp#27;[32mLogin into Applicationss&amp#27;[0m                    &amp#27;[90m# StepDefinition.TaskSteps.login_into_applicationss()&amp#27;[0m
18:24:30.180 [Thread-main] ERROR [Utilities.ActionUtilities].compareValues - Expected value Free CR Actual Value Free CRM are not match 
  &amp#27;[32mGiven &amp#27;[0m&amp#27;[32mHome Page is Open&amp#27;[0m                           &amp#27;[90m# StepDefinition.TaskSteps.home_page_is_open()&amp#27;[0m
18:24:30.180 [Thread-main] INFO  [Utilities.TaskUtilities].fillTaskDetails - Started Fill details on Task Page
Menu is : Task
18:24:30.733 [Thread-main] INFO  [Utilities.TaskUtilities].fillTaskDetails - Read data from Excel and started using 
18:24:30.733 [Thread-main] INFO  [Utilities.ActionUtilities].mouseHoverToElement - Mouse is move to the element
18:24:30.734 [Thread-main] INFO  [Utilities.ActionUtilities].waitForElement - waiting for element 
18:24:32.762 [Thread-main] INFO  [Utilities.ActionUtilities].waitForElement - Element found and performing next action
18:24:32.779 [Thread-main] INFO  [Utilities.ActionUtilities].mouseHoverToElement - Mouse is on the element
18:24:32.779 [Thread-main] INFO  [Utilities.TaskUtilities].fillTaskDetails - Menu gets open 
18:24:32.963 [Thread-main] INFO  [Utilities.TaskUtilities].fillTaskDetails - Task gets open
18:24:35.969 [Thread-main] INFO  [Utilities.ActionUtilities].waitForElements - waiting for elements 
18:24:36.045 [Thread-main] INFO  [Utilities.ActionUtilities].waitForElements - Element found and pweforming next action
18:24:36.059 [Thread-main] INFO  [Utilities.TaskUtilities].deleteTask - Deleting all data present in task Menu
18:24:36.059 [Thread-main] INFO  [Utilities.ActionUtilities].clickButton - waiting for button get visible Delete Record
18:24:36.060 [Thread-main] INFO  [Utilities.ActionUtilities].poolingWaitForElement - Started polling time
18:24:36.091 [Thread-main] INFO  [Utilities.ActionUtilities].poolingWaitForElement - Element is found and try to click
18:24:36.092 [Thread-main] INFO  [Utilities.ActionUtilities].clickButton - Trying to click Delete Record
18:24:36.287 [Thread-main] INFO  [Utilities.ActionUtilities].clickButton - Element is clicked succcessfully 
18:24:36.288 [Thread-main] INFO  [Utilities.ActionUtilities].poolingWaitForElement - Started polling time
18:24:36.316 [Thread-main] INFO  [Utilities.ActionUtilities].poolingWaitForElement - Element is found and try to click
18:24:36.317 [Thread-main] INFO  [Utilities.ActionUtilities].clickButton - waiting for button get visible Confirm Delete Button
18:24:36.317 [Thread-main] INFO  [Utilities.ActionUtilities].poolingWaitForElement - Started polling time
18:24:36.343 [Thread-main] INFO  [Utilities.ActionUtilities].poolingWaitForElement - Element is found and try to click
18:24:36.344 [Thread-main] INFO  [Utilities.ActionUtilities].clickButton - Trying to click Confirm Delete Button
18:24:36.553 [Thread-main] INFO  [Utilities.ActionUtilities].clickButton - Element is clicked succcessfully 
18:24:36.554 [Thread-main] INFO  [Utilities.ActionUtilities].clickButton - waiting for button get visible Delete Record
18:24:36.555 [Thread-main] INFO  [Utilities.ActionUtilities].poolingWaitForElement - Started polling time
18:24:37.790 [Thread-main] INFO  [Utilities.ActionUtilities].poolingWaitForElement - Element is found and try to click
18:24:37.791 [Thread-main] INFO  [Utilities.ActionUtilities].clickButton - Trying to click Delete Record
18:24:37.976 [Thread-main] INFO  [Utilities.ActionUtilities].clickButton - Element is clicked succcessfully 
18:24:37.976 [Thread-main] INFO  [Utilities.ActionUtilities].poolingWaitForElement - Started polling time
18:24:38.014 [Thread-main] INFO  [Utilities.ActionUtilities].poolingWaitForElement - Element is found and try to click
18:24:38.014 [Thread-main] INFO  [Utilities.ActionUtilities].clickButton - waiting for button get visible Confirm Delete Button
18:24:38.015 [Thread-main] INFO  [Utilities.ActionUtilities].poolingWaitForElement - Started polling time
18:24:38.041 [Thread-main] INFO  [Utilities.ActionUtilities].poolingWaitForElement - Element is found and try to click
18:24:38.041 [Thread-main] INFO  [Utilities.ActionUtilities].clickButton - Trying to click Confirm Delete Button
18:24:38.219 [Thread-main] INFO  [Utilities.ActionUtilities].clickButton - Element is clicked succcessfully 
18:24:38.219 [Thread-main] INFO  [Utilities.TaskUtilities].fillTaskDetails - Trying to click on Create button
18:24:38.220 [Thread-main] INFO  [Utilities.ActionUtilities].mouseHoverToElement - Mouse is move to the element
18:24:38.221 [Thread-main] INFO  [Utilities.ActionUtilities].waitForElement - waiting for element 
18:24:38.269 [Thread-main] INFO  [Utilities.ActionUtilities].waitForElement - Element found and performing next action
18:24:38.283 [Thread-main] INFO  [Utilities.ActionUtilities].mouseHoverToElement - Mouse is on the element
18:24:38.283 [Thread-main] INFO  [Utilities.ActionUtilities].clickButton - waiting for button get visible Create Button
18:24:38.283 [Thread-main] INFO  [Utilities.ActionUtilities].poolingWaitForElement - Started polling time
18:24:38.329 [Thread-main] INFO  [Utilities.ActionUtilities].poolingWaitForElement - Element is found and try to click
18:24:38.331 [Thread-main] INFO  [Utilities.ActionUtilities].clickButton - Trying to click Create Button
18:24:38.883 [Thread-main] INFO  [Utilities.ActionUtilities].clickButton - Element is clicked succcessfully 
18:24:38.883 [Thread-main] INFO  [Utilities.ActionUtilities].waitForElement - waiting for element 
18:24:39.004 [Thread-main] INFO  [Utilities.ActionUtilities].waitForElement - Element found and performing next action
18:24:39.005 [Thread-main] INFO  [Utilities.ActionUtilities].sendValuesToField - Started editing Title
18:24:39.084 [Thread-main] INFO  [Utilities.ActionUtilities].sendValuesToField - Test Home entering to Title
18:24:39.315 [Thread-main] INFO  [Utilities.ActionUtilities].sendValuesToField - Test Home is updated in field  Title
18:24:39.315 [Thread-main] INFO  [Utilities.ActionUtilities].clickButton - waiting for button get visible Assinged To
18:24:39.315 [Thread-main] INFO  [Utilities.ActionUtilities].poolingWaitForElement - Started polling time
18:24:39.342 [Thread-main] INFO  [Utilities.ActionUtilities].poolingWaitForElement - Element is found and try to click
18:24:39.342 [Thread-main] INFO  [Utilities.ActionUtilities].clickButton - Trying to click Assinged To
18:24:39.509 [Thread-main] INFO  [Utilities.ActionUtilities].clickButton - Element is clicked succcessfully 
18:24:39.509 [Thread-main] INFO  [Utilities.ActionUtilities].clickButton - waiting for button get visible Assinged To Drop down
18:24:39.510 [Thread-main] INFO  [Utilities.ActionUtilities].poolingWaitForElement - Started polling time
18:24:39.553 [Thread-main] INFO  [Utilities.ActionUtilities].poolingWaitForElement - Element is found and try to click
18:24:39.554 [Thread-main] INFO  [Utilities.ActionUtilities].clickButton - Trying to click Assinged To Drop down
18:24:39.809 [Thread-main] INFO  [Utilities.ActionUtilities].clickButton - Element is clicked succcessfully 
18:24:39.810 [Thread-main] INFO  [Utilities.ActionUtilities].clickButton - waiting for button get visible Save Button
18:24:39.810 [Thread-main] INFO  [Utilities.ActionUtilities].poolingWaitForElement - Started polling time
18:24:39.871 [Thread-main] INFO  [Utilities.ActionUtilities].poolingWaitForElement - Element is found and try to click
18:24:39.872 [Thread-main] INFO  [Utilities.ActionUtilities].clickButton - Trying to click Save Button
18:24:40.115 [Thread-main] INFO  [Utilities.ActionUtilities].clickButton - Element is clicked succcessfully 
18:24:40.117 [Thread-main] INFO  [Utilities.ActionUtilities].waitForElement - waiting for element 
18:24:40.267 [Thread-main] INFO  [Utilities.ActionUtilities].waitForElement - Element found and performing next action
18:24:40.268 [Thread-main] INFO  [Utilities.ActionUtilities].getTextValue - Fetching text value 
18:24:43.332 [Thread-main] INFO  [Utilities.ActionUtilities].getTextValue - Value Fetch successfully s
18:24:43.332 [Thread-main] INFO  [Utilities.TaskUtilities].fillTaskDetails - Title is created with Name Test Home
task name is Test Home
  &amp#27;[32mWhen &amp#27;[0m&amp#27;[32mUser opens the Task take and Create new Task&amp#27;[0m &amp#27;[90m# StepDefinition.TaskSteps.user_opens_the_task_take_and_create_new_task()&amp#27;[0m
18:24:43.333 [Thread-main] INFO  [Utilities.ActionUtilities].clickButton - waiting for button get visible Setting
18:24:43.333 [Thread-main] INFO  [Utilities.ActionUtilities].poolingWaitForElement - Started polling time
18:24:43.359 [Thread-main] INFO  [Utilities.ActionUtilities].poolingWaitForElement - Element is found and try to click
18:24:43.359 [Thread-main] INFO  [Utilities.ActionUtilities].clickButton - Trying to click Setting
18:24:43.497 [Thread-main] INFO  [Utilities.ActionUtilities].clickButton - Element is clicked succcessfully 
18:24:43.498 [Thread-main] INFO  [Pages.LoginPage].logout - clicked on Setting button 
18:24:43.499 [Thread-main] INFO  [Utilities.ActionUtilities].clickButton - waiting for button get visible Logout
18:24:43.499 [Thread-main] INFO  [Utilities.ActionUtilities].poolingWaitForElement - Started polling time
18:24:43.532 [Thread-main] INFO  [Utilities.ActionUtilities].poolingWaitForElement - Element is found and try to click
18:24:43.532 [Thread-main] INFO  [Utilities.ActionUtilities].clickButton - Trying to click Logout
18:24:43.716 [Thread-main] INFO  [Utilities.ActionUtilities].clickButton - Element is clicked succcessfully 
18:24:43.716 [Thread-main] INFO  [Pages.LoginPage].logout - successfullt clicked on Logout button
  &amp#27;[32mThen &amp#27;[0m&amp#27;[32mUser is able to search newly created task&amp#27;[0m    &amp#27;[90m# StepDefinition.TaskSteps.user_is_able_to_search_newly_created_task()&amp#27;[0m
]]></system-out>
    <system-err><![CDATA[Jan 26, 2026 6:24:25 PM org.openqa.selenium.devtools.CdpVersionFinder findNearestMatch
WARNING: Unable to find CDP implementation matching 143
Jan 26, 2026 6:24:25 PM org.openqa.selenium.chromium.ChromiumDriver lambda$new$5
WARNING: Unable to find version of CDP to use for 143.0.7499.194. You may need to include a dependency on a specific version of the CDP using something similar to `org.seleniumhq.selenium:selenium-devtools-v86:4.26.0` where the version ("v86") matches the version of the chromium-based browser you're using and the version number of the artifact is the same as Selenium's.
]]></system-err>
  </testcase>
</testsuite>