<?xml version="1.0" encoding="UTF-8"?>
<testsuite xmlns:xsi="http://www.w3.org/2001/XMLSchema-instance" xsi:noNamespaceSchemaLocation="https://maven.apache.org/surefire/maven-surefire-plugin/xsd/surefire-test-report.xsd" version="3.0.2" name="TestRunner.LoginTest" time="37.249" tests="2" errors="0" skipped="0" failures="0">
  <properties>
[...]
</properties>
  <testcase name="Verify Login functionality" classname="Verify that user is able to login into application" time="20.648">
    <system-out><![CDATA[
Scenario: Verify Login functionality            &amp#27;[90m# Features/Login.feature:3&amp#27;[0m
16:51:32.695 [Thread-main] INFO  [DriverFactory.DriverFactory].initialized - Started reading config file 
16:51:32.695 [Thread-main] INFO  [DriverFactory.DriverFactory].initialized - properties object loaded and reading data from config properties 
16:51:32.695 [Thread-main] INFO  [DriverFactory.DriverFactory].initialized - Started Chrome Driver
16:51:32.789 [Thread-main] INFO  [DriverFactory.DriverFactory].initialized - set up tl driver to Chromedriver
16:51:35.007 [Thread-main] INFO  [AppHooks.Hooks].setup - launches url https://ui.cogmento.com/?lang=en
16:51:37.486 [Thread-main] INFO  [Utilities.ActionUtilities].compareValues - Expected value Free CRM Actual Value Free CRM are match 
  &amp#27;[32mGiven &amp#27;[0m&amp#27;[32mVerify Login Page Title with &amp#27;[0m&amp#27;[32m&amp#27;[1m"Free CRM"&amp#27;[0m &amp#27;[90m# StepDefinition.LoginSteps.verify_login_page_title_with(java.lang.String)&amp#27;[0m
16:51:37.486 [Thread-main] INFO  [Utilities.ActionUtilities].sendValues - text box started editing
16:51:37.564 [Thread-main] INFO  [Utilities.ActionUtilities].sendValues - text box filling details
16:51:37.729 [Thread-main] INFO  [Utilities.ActionUtilities].sendValues - text box started editing
16:51:37.778 [Thread-main] INFO  [Utilities.ActionUtilities].sendValues - text box filling details
  &amp#27;[32mWhen &amp#27;[0m&amp#27;[32mUser Login into Application&amp#27;[0m              &amp#27;[90m# StepDefinition.LoginSteps.User_Login_into_Application()&amp#27;[0m
16:51:37.984 [Thread-main] INFO  [Utilities.ActionUtilities].compareValues - Expected value Free CRM Actual Value Free CRM are match 
  &amp#27;[32mThen &amp#27;[0m&amp#27;[32mHome Page Open&amp#27;[0m                           &amp#27;[90m# StepDefinition.LoginSteps.home_page_open()&amp#27;[0m
16:51:48.000 [Thread-main] INFO  [Utilities.ActionUtilities].clickButton - waiting for button get visible Setting
16:51:48.000 [Thread-main] INFO  [Utilities.ActionUtilities].poolingWaitForElement - Started polling time
16:51:48.049 [Thread-main] INFO  [Utilities.ActionUtilities].poolingWaitForElement - Element is found and try to click
16:51:48.049 [Thread-main] INFO  [Utilities.ActionUtilities].clickButton - Trying to click Setting
16:51:48.213 [Thread-main] INFO  [Utilities.ActionUtilities].clickButton - Element is clicked succcessfully 
16:51:48.214 [Thread-main] INFO  [Utilities.ActionUtilities].clickButton - waiting for button get visible Logout
16:51:48.215 [Thread-main] INFO  [Utilities.ActionUtilities].poolingWaitForElement - Started polling time
16:51:48.259 [Thread-main] INFO  [Utilities.ActionUtilities].poolingWaitForElement - Element is found and try to click
16:51:48.260 [Thread-main] INFO  [Utilities.ActionUtilities].clickButton - Trying to click Logout
16:51:48.470 [Thread-main] INFO  [Utilities.ActionUtilities].clickButton - Element is clicked succcessfully 
16:51:48.470 [Thread-main] INFO  [Utilities.ActionUtilities].sendValues - text box started editing
16:51:51.261 [Thread-main] INFO  [Utilities.ActionUtilities].sendValues - text box filling details
16:51:51.403 [Thread-main] INFO  [Utilities.ActionUtilities].sendValues - text box started editing
16:51:51.449 [Thread-main] INFO  [Utilities.ActionUtilities].sendValues - text box filling details
16:51:51.629 [Thread-main] INFO  [Utilities.ActionUtilities].clickButton - waiting for button get visible Setting
16:51:51.630 [Thread-main] INFO  [Utilities.ActionUtilities].poolingWaitForElement - Started polling time
16:51:52.399 [Thread-main] INFO  [Utilities.ActionUtilities].poolingWaitForElement - Element is found and try to click
16:51:52.400 [Thread-main] INFO  [Utilities.ActionUtilities].clickButton - Trying to click Setting
16:51:52.698 [Thread-main] INFO  [Utilities.ActionUtilities].clickButton - Element is clicked succcessfully 
16:51:52.699 [Thread-main] INFO  [Pages.LoginPage].logout - clicked on Setting button 
16:51:52.699 [Thread-main] INFO  [Utilities.ActionUtilities].clickButton - waiting for button get visible Logout
16:51:52.699 [Thread-main] INFO  [Utilities.ActionUtilities].poolingWaitForElement - Started polling time
16:51:52.745 [Thread-main] INFO  [Utilities.ActionUtilities].poolingWaitForElement - Element is found and try to click
16:51:52.746 [Thread-main] INFO  [Utilities.ActionUtilities].clickButton - Trying to click Logout
16:51:52.941 [Thread-main] INFO  [Utilities.ActionUtilities].clickButton - Element is clicked succcessfully 
16:51:52.942 [Thread-main] INFO  [Pages.LoginPage].logout - successfullt clicked on Logout button
  &amp#27;[32mThen &amp#27;[0m&amp#27;[32mLogout from Application&amp#27;[0m                  &amp#27;[90m# StepDefinition.LoginSteps.logout_from_application()&amp#27;[0m
]]></system-out>
    <system-err><![CDATA[Jan 26, 2026 4:51:34 PM org.openqa.selenium.devtools.CdpVersionFinder findNearestMatch
WARNING: Unable to find CDP implementation matching 143
Jan 26, 2026 4:51:34 PM org.openqa.selenium.chromium.ChromiumDriver lambda$new$5
WARNING: Unable to find version of CDP to use for 143.0.7499.194. You may need to include a dependency on a specific version of the CDP using something similar to `org.seleniumhq.selenium:selenium-devtools-v86:4.26.0` where the version ("v86") matches the version of the chromium-based browser you're using and the version number of the artifact is the same as Selenium's.
]]></system-err>
  </testcase>
  <testcase name="User is able to Create new task" classname="Verify that User is able to search and create new Task" time="16.587">
    <system-out><![CDATA[
Scenario: User is able to Create new task           &amp#27;[90m# Features/Task.feature:3&amp#27;[0m
16:51:53.343 [Thread-main] INFO  [DriverFactory.DriverFactory].initialized - Started reading config file 
16:51:53.344 [Thread-main] INFO  [DriverFactory.DriverFactory].initialized - properties object loaded and reading data from config properties 
16:51:53.344 [Thread-main] INFO  [DriverFactory.DriverFactory].initialized - Started Chrome Driver
16:51:53.388 [Thread-main] INFO  [DriverFactory.DriverFactory].initialized - set up tl driver to Chromedriver
16:51:58.240 [Thread-main] INFO  [AppHooks.Hooks].setup - launches url https://ui.cogmento.com/?lang=en
16:51:58.241 [Thread-main] INFO  [Utilities.ActionUtilities].sendValues - text box started editing
16:51:58.315 [Thread-main] INFO  [Utilities.ActionUtilities].sendValues - text box filling details
16:51:58.468 [Thread-main] INFO  [Utilities.ActionUtilities].sendValues - text box started editing
16:51:58.518 [Thread-main] INFO  [Utilities.ActionUtilities].sendValues - text box filling details
  &amp#27;[32mGiven &amp#27;[0m&amp#27;[32mLogin into Applicationss&amp#27;[0m                    &amp#27;[90m# StepDefinition.TaskSteps.login_into_applicationss()&amp#27;[0m
16:51:58.731 [Thread-main] ERROR [Utilities.ActionUtilities].compareValues - Expected value Free CR Actual Value Free CRM are not match 
  &amp#27;[32mGiven &amp#27;[0m&amp#27;[32mHome Page is Open&amp#27;[0m                           &amp#27;[90m# StepDefinition.TaskSteps.home_page_is_open()&amp#27;[0m
16:51:58.731 [Thread-main] INFO  [Utilities.TaskUtilities].fillTaskDetails - Started Fill details on Task Page
Menu is : Task
16:51:59.284 [Thread-main] INFO  [Utilities.TaskUtilities].fillTaskDetails - Read data from Excel and started using 
16:51:59.285 [Thread-main] INFO  [Utilities.ActionUtilities].mouseHoverToElement - Mouse is move to the element
16:51:59.285 [Thread-main] INFO  [Utilities.ActionUtilities].waitForElement - waiting for element 
16:52:01.048 [Thread-main] INFO  [Utilities.ActionUtilities].waitForElement - Element found and performing next action
16:52:01.059 [Thread-main] INFO  [Utilities.ActionUtilities].mouseHoverToElement - Mouse is on the element
16:52:01.059 [Thread-main] INFO  [Utilities.TaskUtilities].fillTaskDetails - Menu gets open 
16:52:01.333 [Thread-main] INFO  [Utilities.TaskUtilities].fillTaskDetails - Task gets open
16:52:04.350 [Thread-main] INFO  [Utilities.ActionUtilities].waitForElements - waiting for elements 
16:52:04.405 [Thread-main] INFO  [Utilities.ActionUtilities].waitForElements - Element found and pweforming next action
16:52:04.417 [Thread-main] INFO  [Utilities.TaskUtilities].deleteTask - Deleting all data present in task Menu
16:52:04.418 [Thread-main] INFO  [Utilities.TaskUtilities].deleteTask - No records available to delete
16:52:04.418 [Thread-main] INFO  [Utilities.TaskUtilities].fillTaskDetails - Trying to click on Create button
16:52:04.418 [Thread-main] INFO  [Utilities.ActionUtilities].mouseHoverToElement - Mouse is move to the element
16:52:04.418 [Thread-main] INFO  [Utilities.ActionUtilities].waitForElement - waiting for element 
16:52:04.454 [Thread-main] INFO  [Utilities.ActionUtilities].waitForElement - Element found and performing next action
16:52:04.465 [Thread-main] INFO  [Utilities.ActionUtilities].mouseHoverToElement - Mouse is on the element
16:52:04.466 [Thread-main] INFO  [Utilities.ActionUtilities].clickButton - waiting for button get visible Create Button
16:52:04.466 [Thread-main] INFO  [Utilities.ActionUtilities].poolingWaitForElement - Started polling time
16:52:04.489 [Thread-main] INFO  [Utilities.ActionUtilities].poolingWaitForElement - Element is found and try to click
16:52:04.489 [Thread-main] INFO  [Utilities.ActionUtilities].clickButton - Trying to click Create Button
16:52:04.969 [Thread-main] INFO  [Utilities.ActionUtilities].clickButton - Element is clicked succcessfully 
16:52:04.969 [Thread-main] INFO  [Utilities.ActionUtilities].waitForElement - waiting for element 
16:52:05.041 [Thread-main] INFO  [Utilities.ActionUtilities].waitForElement - Element found and performing next action
16:52:05.042 [Thread-main] INFO  [Utilities.ActionUtilities].sendValuesToField - Started editing Title
16:52:05.082 [Thread-main] INFO  [Utilities.ActionUtilities].sendValuesToField - Test Home entering to Title
16:52:05.297 [Thread-main] INFO  [Utilities.ActionUtilities].sendValuesToField - Test Home is updated in field  Title
16:52:05.298 [Thread-main] INFO  [Utilities.ActionUtilities].clickButton - waiting for button get visible Assinged To
16:52:05.298 [Thread-main] INFO  [Utilities.ActionUtilities].poolingWaitForElement - Started polling time
16:52:05.333 [Thread-main] INFO  [Utilities.ActionUtilities].poolingWaitForElement - Element is found and try to click
16:52:05.334 [Thread-main] INFO  [Utilities.ActionUtilities].clickButton - Trying to click Assinged To
16:52:05.503 [Thread-main] INFO  [Utilities.ActionUtilities].clickButton - Element is clicked succcessfully 
16:52:05.504 [Thread-main] INFO  [Utilities.ActionUtilities].clickButton - waiting for button get visible Assinged To Drop down
16:52:05.504 [Thread-main] INFO  [Utilities.ActionUtilities].poolingWaitForElement - Started polling time
16:52:05.534 [Thread-main] INFO  [Utilities.ActionUtilities].poolingWaitForElement - Element is found and try to click
16:52:05.535 [Thread-main] INFO  [Utilities.ActionUtilities].clickButton - Trying to click Assinged To Drop down
16:52:05.746 [Thread-main] INFO  [Utilities.ActionUtilities].clickButton - Element is clicked succcessfully 
16:52:05.747 [Thread-main] INFO  [Utilities.ActionUtilities].clickButton - waiting for button get visible Save Button
16:52:05.748 [Thread-main] INFO  [Utilities.ActionUtilities].poolingWaitForElement - Started polling time
16:52:05.784 [Thread-main] INFO  [Utilities.ActionUtilities].poolingWaitForElement - Element is found and try to click
16:52:05.784 [Thread-main] INFO  [Utilities.ActionUtilities].clickButton - Trying to click Save Button
16:52:05.976 [Thread-main] INFO  [Utilities.ActionUtilities].clickButton - Element is clicked succcessfully 
16:52:05.976 [Thread-main] INFO  [Utilities.ActionUtilities].waitForElement - waiting for element 
16:52:06.066 [Thread-main] INFO  [Utilities.ActionUtilities].waitForElement - Element found and performing next action
16:52:06.066 [Thread-main] INFO  [Utilities.ActionUtilities].getTextValue - Fetching text value 
16:52:09.148 [Thread-main] INFO  [Utilities.ActionUtilities].getTextValue - Value Fetch successfully s
16:52:09.148 [Thread-main] INFO  [Utilities.TaskUtilities].fillTaskDetails - Title is created with Name Test Home
task name is Test Home
  &amp#27;[32mWhen &amp#27;[0m&amp#27;[32mUser opens the Task take and Create new Task&amp#27;[0m &amp#27;[90m# StepDefinition.TaskSteps.user_opens_the_task_take_and_create_new_task()&amp#27;[0m
16:52:09.149 [Thread-main] INFO  [Utilities.ActionUtilities].clickButton - waiting for button get visible Setting
16:52:09.149 [Thread-main] INFO  [Utilities.ActionUtilities].poolingWaitForElement - Started polling time
16:52:09.184 [Thread-main] INFO  [Utilities.ActionUtilities].poolingWaitForElement - Element is found and try to click
16:52:09.184 [Thread-main] INFO  [Utilities.ActionUtilities].clickButton - Trying to click Setting
16:52:09.325 [Thread-main] INFO  [Utilities.ActionUtilities].clickButton - Element is clicked succcessfully 
16:52:09.328 [Thread-main] INFO  [Pages.LoginPage].logout - clicked on Setting button 
16:52:09.329 [Thread-main] INFO  [Utilities.ActionUtilities].clickButton - waiting for button get visible Logout
16:52:09.329 [Thread-main] INFO  [Utilities.ActionUtilities].poolingWaitForElement - Started polling time
16:52:09.363 [Thread-main] INFO  [Utilities.ActionUtilities].poolingWaitForElement - Element is found and try to click
16:52:09.363 [Thread-main] INFO  [Utilities.ActionUtilities].clickButton - Trying to click Logout
16:52:09.573 [Thread-main] INFO  [Utilities.ActionUtilities].clickButton - Element is clicked succcessfully 
16:52:09.573 [Thread-main] INFO  [Pages.LoginPage].logout - successfullt clicked on Logout button
  &amp#27;[32mThen &amp#27;[0m&amp#27;[32mUser is able to search newly created task&amp#27;[0m    &amp#27;[90m# StepDefinition.TaskSteps.user_is_able_to_search_newly_created_task()&amp#27;[0m
]]></system-out>
    <system-err><![CDATA[Jan 26, 2026 4:51:54 PM org.openqa.selenium.devtools.CdpVersionFinder findNearestMatch
WARNING: Unable to find CDP implementation matching 143
Jan 26, 2026 4:51:54 PM org.openqa.selenium.chromium.ChromiumDriver lambda$new$5
WARNING: Unable to find version of CDP to use for 143.0.7499.194. You may need to include a dependency on a specific version of the CDP using something similar to `org.seleniumhq.selenium:selenium-devtools-v86:4.26.0` where the version ("v86") matches the version of the chromium-based browser you're using and the version number of the artifact is the same as Selenium's.
]]></system-err>
  </testcase>
</testsuite>